------------------------------------
From:919911311169:	 At: 01/21/14 22:59:41
Message:
 jjvks
------------------------------------
------------------------------------
From:919911311169:	 At: 01/21/14 22:59:47
Message:
Jj,,
------------------------------------
------------------------------------
From:919911311169:	 At: 01/21/14 22:59:50
Message:
Bjllsc
------------------------------------
------------------------------------
From:919911311169:	 At: 01/21/14 23:00:06
Message:
DJkmd
------------------------------------
------------------------------------
From:919911311169:	 At: 01/21/14 23:01:16
Message:
Build
------------------------------------
------------------------------------
From:919911311169:	 At: 01/21/14 23:01:55
Message:
Status
------------------------------------
------------------------------------
From:919911311169:	 At: 01/21/14 23:02:01
Message:
Satus
------------------------------------
------------------------------------
From:919911311169:	 At: 01/21/14 23:02:11
Message:
Status
------------------------------------
------------------------------------
From:919911311169:	 At: 01/21/14 23:02:28
Message:
Status
------------------------------------
