------------------------------------
To:919911311169:	 At: 01/21/14 23:01:06
Message:
Local Build: Failed on Tue Jan 21 23:01:06 IST 2014.  Last Success time: null
------------------------------------
------------------------------------
To:919911311169:	 At: 01/21/14 23:01:17
Message:
Build started. But no build number returned from jenkins. You can check the status by sending "Status:<Job Name>" command.Jenkins Server returned Code: 302
------------------------------------
------------------------------------
To:919911311169:	 At: 01/21/14 23:01:17
Message:

------------------------------------
------------------------------------
To:919911311169:	 At: 01/21/14 23:01:56
Message:
Current status of Job: Local Build With Parameters: PROGRESS
------------------------------------
------------------------------------
To:919911311169:	 At: 01/21/14 23:01:56
Message:

------------------------------------
------------------------------------
To:919911311169:	 At: 01/21/14 23:02:02
Message:
Invalid command:Satus
Supported commands: 
"Build:<JobName>"
"Status:<JobName>"
Where JobNames can be:
[Local Build With Parameters, Local Build]
Default:Local Build With Parameters
------------------------------------
------------------------------------
To:919911311169:	 At: 01/21/14 23:02:12
Message:
Current status of Job: Local Build With Parameters: PROGRESS
------------------------------------
------------------------------------
To:919911311169:	 At: 01/21/14 23:02:29
Message:
Current status of Job: Local Build With Parameters: SUCCESS
------------------------------------
------------------------------------
To:919911311169:	 At: 01/21/14 23:03:08
Message:
Local Build: Back to stable on Tue Jan 21 23:03:07 IST 2014.
------------------------------------
